<?xml version="1.0" encoding="UTF-8"?>
<!-- Generated by org.testng.reporters.JUnitReportReporter -->
<testsuite hostname="ITL-LT-HP-REF-166-R08211509" failures="0" tests="1" name="Cucumber.TestNGTestRunner" time="20.904" errors="0" timestamp="2024-10-22T11:54:51 IST" skipped="0">
  <testcase classname="Cucumber.TestNGTestRunner" name="runScenario" time="20.904"/>
</testsuite> <!-- Cucumber.TestNGTestRunner -->
