<?xml version="1.0" encoding="UTF-8"?>
<!-- Generated by org.testng.reporters.JUnitReportReporter -->
<testsuite hostname="ITL-LT-HP-REF-166-R08211509" failures="0" tests="2" name="SeleniumFramework.Tests.ErrorValidationsTest" time="14.827" errors="0" timestamp="2024-10-22T06:31:13 IST" skipped="0">
  <testcase classname="SeleniumFramework.Tests.ErrorValidationsTest" name="LoginErrorValidation" time="4.907"/>
  <testcase classname="SeleniumFramework.Tests.ErrorValidationsTest" name="ProductErrorValidation" time="9.920"/>
</testsuite> <!-- SeleniumFramework.Tests.ErrorValidationsTest -->
