<?xml version="1.0" encoding="UTF-8"?>
<!-- Generated by org.testng.reporters.JUnitReportReporter -->
<testsuite hostname="ITL-LT-HP-REF-166-R08211509" failures="0" tests="3" name="SeleniumFramework.Tests.SubmitOrderTest" time="43.840" errors="0" timestamp="2024-10-22T06:31:12 IST" skipped="0">
  <testcase classname="SeleniumFramework.Tests.SubmitOrderTest" name="SubmitOrder" time="19.110"/>
  <testcase classname="SeleniumFramework.Tests.SubmitOrderTest" name="SubmitOrder" time="17.851"/>
  <testcase classname="SeleniumFramework.Tests.SubmitOrderTest" name="verifyOrderPageDisplayed" time="6.879"/>
</testsuite> <!-- SeleniumFramework.Tests.SubmitOrderTest -->
